<?xml version="1.0" encoding="UTF-8"?>
<!-- Generated by org.testng.reporters.JUnitXMLReporter -->
<testsuite ignored="0" hostname="QT-INNO-LT1626" failures="0" tests="3" name="Default test" time="9.735" errors="0" timestamp="2022-11-28T16:06:42 IST">
  <testcase classname="com.playStore.TestCases.countMoviesTest" name="moviesPageTitleTest" time="0.02"/>
  <testcase classname="com.playStore.TestCases.countMoviesTest" name="gamesPageLogoTest" time="0.08"/>
  <testcase classname="com.playStore.TestCases.countMoviesTest" name="VerifyCountMoviesPresent" time="1.817"/>
</testsuite> <!-- Default test -->
