<?xml version="1.0" encoding="UTF-8"?>
<!-- Generated by org.testng.reporters.JUnitXMLReporter -->
<testsuite ignored="0" hostname="QT-INNO-LT1626" failures="0" tests="4" name="Test" time="38.17" errors="0" timestamp="2022-11-28T11:33:36 IST">
  <testcase classname="com.playStore.TestCases.countMoviesTest" name="moviesPageTitleTest" time="0.024"/>
  <testcase classname="com.playStore.TestCases.countMoviesTest" name="gamesPageLogoTest" time="0.075"/>
  <testcase classname="com.playStore.TestCases.countMoviesTest" name="VerifyCountMoviesPresent" time="2.148"/>
  <testcase classname="com.playStore.TestCases.bookMovieTest" name="verifyBuyAMovieTest" time="15.539"/>
</testsuite> <!-- Test -->
