<?xml version="1.0" encoding="UTF-8"?>
<testng-results ignored="0" total="3" passed="3" failed="0" skipped="0">
  <reporter-output>
  </reporter-output>
  <suite started-at="2022-11-28T16:06:32 IST" name="Default suite" finished-at="2022-11-28T16:06:42 IST" duration-ms="9735">
    <groups>
    </groups>
    <test started-at="2022-11-28T16:06:32 IST" name="Default test" finished-at="2022-11-28T16:06:42 IST" duration-ms="9735">
      <class name="com.playStore.TestCases.countMoviesTest">
        <test-method is-config="true" signature="setUp()[pri:0, instance:com.playStore.TestCases.countMoviesTest@245b4bdc]" started-at="2022-11-28T16:06:32 IST" name="setUp" finished-at="2022-11-28T16:06:40 IST" duration-ms="7335" status="PASS">
          <reporter-output>
          </reporter-output>
        </test-method> <!-- setUp -->
        <test-method signature="moviesPageTitleTest()[pri:1, instance:com.playStore.TestCases.countMoviesTest@245b4bdc]" started-at="2022-11-28T16:06:40 IST" name="moviesPageTitleTest" finished-at="2022-11-28T16:06:40 IST" duration-ms="20" status="PASS">
          <reporter-output>
          </reporter-output>
        </test-method> <!-- moviesPageTitleTest -->
        <test-method signature="gamesPageLogoTest()[pri:2, instance:com.playStore.TestCases.countMoviesTest@245b4bdc]" started-at="2022-11-28T16:06:40 IST" name="gamesPageLogoTest" finished-at="2022-11-28T16:06:40 IST" duration-ms="80" status="PASS">
          <reporter-output>
          </reporter-output>
        </test-method> <!-- gamesPageLogoTest -->
        <test-method signature="VerifyCountMoviesPresent()[pri:3, instance:com.playStore.TestCases.countMoviesTest@245b4bdc]" started-at="2022-11-28T16:06:40 IST" name="VerifyCountMoviesPresent" finished-at="2022-11-28T16:06:42 IST" duration-ms="1817" status="PASS">
          <reporter-output>
          </reporter-output>
        </test-method> <!-- VerifyCountMoviesPresent -->
        <test-method is-config="true" signature="end()[pri:0, instance:com.playStore.TestCases.countMoviesTest@245b4bdc]" started-at="2022-11-28T16:06:42 IST" name="end" finished-at="2022-11-28T16:06:42 IST" duration-ms="409" status="PASS">
          <reporter-output>
          </reporter-output>
        </test-method> <!-- end -->
      </class> <!-- com.playStore.TestCases.countMoviesTest -->
    </test> <!-- Default test -->
  </suite> <!-- Default suite -->
</testng-results>
